0 info it worked if it ends with ok
1 verbose cli [ 'C:\\Program Files\\nodejs\\node.exe',
1 verbose cli   'C:\\Program Files\\nodejs\\node_modules\\npm\\bin\\npm-cli.js',
1 verbose cli   'run',
1 verbose cli   'dev' ]
2 info using npm@3.10.10
3 info using node@v6.10.3
4 verbose run-script [ 'predev', 'dev', 'postdev' ]
5 info lifecycle vue-2.0-simple-routing-example@~predev: vue-2.0-simple-routing-example@
6 silly lifecycle vue-2.0-simple-routing-example@~predev: no script for predev, continuing
7 info lifecycle vue-2.0-simple-routing-example@~dev: vue-2.0-simple-routing-example@
8 verbose lifecycle vue-2.0-simple-routing-example@~dev: unsafe-perm in lifecycle true
9 verbose lifecycle vue-2.0-simple-routing-example@~dev: PATH: C:\Program Files\nodejs\node_modules\npm\bin\node-gyp-bin;C:\Users\yjmcpl\2016rcc\nodejs\5_20\nodejs-demo\node_modules\.bin;C:\Windows\system32;C:\Windows;C:\Windows\System32\Wbem;C:\Windows\System32\WindowsPowerShell\v1.0\;C:\Program Files (x86)\ATI Technologies\ATI.ACE\Core-Static;C:\Program Files\nodejs\;C:\Users\yjmcpl\AppData\Roaming\npm
10 verbose lifecycle vue-2.0-simple-routing-example@~dev: CWD: C:\Users\yjmcpl\2016rcc\nodejs\5_20\nodejs-demo
11 silly lifecycle vue-2.0-simple-routing-example@~dev: Args: [ '/d /s /c', 'webpack-dev-server --inline --hot' ]
12 silly lifecycle vue-2.0-simple-routing-example@~dev: Returned: code: 3221225786  signal: null
13 info lifecycle vue-2.0-simple-routing-example@~dev: Failed to exec dev script
14 verbose stack Error: vue-2.0-simple-routing-example@ dev: `webpack-dev-server --inline --hot`
14 verbose stack Exit status 3221225786
14 verbose stack     at EventEmitter.<anonymous> (C:\Program Files\nodejs\node_modules\npm\lib\utils\lifecycle.js:255:16)
14 verbose stack     at emitTwo (events.js:106:13)
14 verbose stack     at EventEmitter.emit (events.js:191:7)
14 verbose stack     at ChildProcess.<anonymous> (C:\Program Files\nodejs\node_modules\npm\lib\utils\spawn.js:40:14)
14 verbose stack     at emitTwo (events.js:106:13)
14 verbose stack     at ChildProcess.emit (events.js:191:7)
14 verbose stack     at maybeClose (internal/child_process.js:886:16)
14 verbose stack     at Process.ChildProcess._handle.onexit (internal/child_process.js:226:5)
15 verbose pkgid vue-2.0-simple-routing-example@
16 verbose cwd C:\Users\yjmcpl\2016rcc\nodejs\5_20\nodejs-demo
17 error Windows_NT 10.0.10586
18 error argv "C:\\Program Files\\nodejs\\node.exe" "C:\\Program Files\\nodejs\\node_modules\\npm\\bin\\npm-cli.js" "run" "dev"
19 error node v6.10.3
20 error npm  v3.10.10
21 error code ELIFECYCLE
22 error vue-2.0-simple-routing-example@ dev: `webpack-dev-server --inline --hot`
22 error Exit status 3221225786
23 error Failed at the vue-2.0-simple-routing-example@ dev script 'webpack-dev-server --inline --hot'.
23 error Make sure you have the latest version of node.js and npm installed.
23 error If you do, this is most likely a problem with the vue-2.0-simple-routing-example package,
23 error not with npm itself.
23 error Tell the author that this fails on your system:
23 error     webpack-dev-server --inline --hot
23 error You can get information on how to open an issue for this project with:
23 error     npm bugs vue-2.0-simple-routing-example
23 error Or if that isn't available, you can get their info via:
23 error     npm owner ls vue-2.0-simple-routing-example
23 error There is likely additional logging output above.
24 verbose exit [ 1, true ]
